<?xml version="1.0" encoding="UTF-8"?>
<!-- Generated by org.testng.reporters.JUnitReportReporter -->
<testsuite skipped="2" hostname="DESKTOP-A64RUOI" name="il.co.topq.difido.DifidoReporterTestsPart2" tests="14" failures="0" timestamp="13 May 2017 21:58:28 GMT" time="3.138" errors="0">
  <testcase name="testWithVariousLogMessages" time="0.009" classname="il.co.topq.difido.DifidoReporterTestsPart2"/>
  <testcase name="testWithWrongParallelMethodSignature" time="0.003" classname="il.co.topq.difido.DifidoReporterTestsPart2">
    <skipped/>
  </testcase> <!-- testWithWrongParallelMethodSignature -->
  <testcase name="testWithEncoding" time="0.003" classname="il.co.topq.difido.DifidoReporterTestsPart2"/>
  <testcase name="testWithError" time="0.003" classname="il.co.topq.difido.DifidoReporterTestsPart2"/>
  <testcase name="testWithWarning" time="0.017" classname="il.co.topq.difido.DifidoReporterTestsPart2"/>
  <testcase name="testAddScreenshot" time="1.467" classname="il.co.topq.difido.DifidoReporterTestsPart2"/>
  <testcase name="testAddFile" time="0.017" classname="il.co.topq.difido.DifidoReporterTestsPart2"/>
  <testcase name="testWithVariousLogMessages" time="0.005" classname="il.co.topq.difido.DifidoReporterTestsPart2"/>
  <testcase name="testAddScreenshot" time="1.585" classname="il.co.topq.difido.DifidoReporterTestsPart2"/>
  <testcase name="testWithWarning" time="0.003" classname="il.co.topq.difido.DifidoReporterTestsPart2"/>
  <testcase name="testWithError" time="0.003" classname="il.co.topq.difido.DifidoReporterTestsPart2"/>
  <testcase name="testWithWrongParallelMethodSignature" time="0.018" classname="il.co.topq.difido.DifidoReporterTestsPart2">
    <skipped/>
  </testcase> <!-- testWithWrongParallelMethodSignature -->
  <testcase name="testWithEncoding" time="0.001" classname="il.co.topq.difido.DifidoReporterTestsPart2"/>
  <testcase name="testAddFile" time="0.004" classname="il.co.topq.difido.DifidoReporterTestsPart2"/>
</testsuite> <!-- il.co.topq.difido.DifidoReporterTestsPart2 -->
